2025-07-03 12:50:13,795 - INFO - icalParser6.py:<module> - Loaded special nakshatras: ['ashlesha', 'jyeshtha', 'revati', 'ashwini', 'aswini', 'makha', 'moola', 'punarvasu', 'visakha', 'purvabhadrapada', 'kritika', 'kriththika', 'uttara', 'uttarashada', 'uttharashadha', 'mrigashira', 'mrigasira', 'chitta', 'dhanishtha', 'pubba', 'magha', 'uttara', 'uththara', 'chitta', 'visakha', 'jyeshtha', 'mula', 'uttarashada', 'poorvabhadra', 'revati', 'ashwini', 'bharani']
2025-07-03 12:50:13,836 - DEBUG - icalParser6.py:extract_and_create_events - Starting extract_and_create_events with 30 events from 2025-03-31 00:00:00 to 2025-05-02 00:00:00
2025-07-03 12:50:13,836 - DEBUG - icalParser6.py:extract_and_create_events - Initialized regular and hora calendars
2025-07-03 12:50:13,836 - DEBUG - icalParser6.py:extract_and_create_events - Processing events for date: 01/09/2025
2025-07-03 12:50:13,836 - DEBUG - icalParser6.py:extract_and_create_events - Initialized new date entry for 01/09/2025
2025-07-03 12:50:13,837 - INFO - icalParser6.py:extract_nakshatra_from_description - Raw nakshatra periods found in line: [('Jyestha', '07:25 AM', '')]
2025-07-03 12:50:13,837 - INFO - icalParser6.py:extract_nakshatra_from_description - Extracted nakshatra: jyestha, time: 07:25 AM, date: 
2025-07-03 12:50:13,837 - DEBUG - icalParser6.py:extract_and_create_events - Found 1 nakshatras in description for 01/09/2025
2025-07-03 12:50:13,837 - DEBUG - icalParser6.py:extract_and_create_events - Added nakshatra jyestha ending at 07:25 for 01/09/2025
2025-07-03 12:50:13,838 - INFO - icalParser6.py:extract_and_create_events - Added Dur Muhurtamulu event: 01:33 PM to 02:25 PM for 01/09/2025
2025-07-03 12:50:13,838 - INFO - icalParser6.py:extract_and_create_events - Added Dur Muhurtamulu event: 04:09 PM to 05:00 PM for 01/09/2025
2025-07-03 12:50:13,839 - INFO - icalParser6.py:extract_and_create_events - Added Varjyam event: 04:04 PM to 05:47 PM for 01/09/2025
2025-07-03 12:50:13,839 - DEBUG - icalParser6.py:extract_and_create_events - Processing events for date: 02/09/2025
2025-07-03 12:50:13,839 - DEBUG - icalParser6.py:extract_and_create_events - Initialized new date entry for 02/09/2025
2025-07-03 12:50:13,839 - INFO - icalParser6.py:extract_nakshatra_from_description - Raw nakshatra periods found in line: [('Moola', '09:21 AM', '')]
2025-07-03 12:50:13,839 - INFO - icalParser6.py:extract_nakshatra_from_description - Extracted nakshatra: moola, time: 09:21 AM, date: 
2025-07-03 12:50:13,839 - INFO - icalParser6.py:extract_nakshatra_from_description - Found special nakshatra: moola
2025-07-03 12:50:13,839 - DEBUG - icalParser6.py:extract_and_create_events - Found 1 nakshatras in description for 02/09/2025
2025-07-03 12:50:13,840 - DEBUG - icalParser6.py:extract_and_create_events - Added nakshatra moola ending at 09:21 for 02/09/2025
2025-07-03 12:50:13,840 - INFO - icalParser6.py:extract_and_create_events - Added Dur Muhurtamulu event: 09:14 AM to 10:06 AM for 02/09/2025
2025-07-03 12:50:13,840 - INFO - icalParser6.py:extract_and_create_events - Added Dur Muhurtamulu event: 12:01 AM to 12:45 AM for 02/09/2025
2025-07-03 12:50:13,840 - INFO - icalParser6.py:extract_and_create_events - Added Varjyam event: 07:37 AM to 09:21 AM for 02/09/2025
2025-07-03 12:50:13,840 - INFO - icalParser6.py:extract_and_create_events - Added Varjyam event: 07:28 PM to 09:09 PM for 02/09/2025
2025-07-03 12:50:13,840 - DEBUG - icalParser6.py:extract_and_create_events - Processing events for date: 03/09/2025
2025-07-03 12:50:13,840 - DEBUG - icalParser6.py:extract_and_create_events - Initialized new date entry for 03/09/2025
2025-07-03 12:50:13,840 - INFO - icalParser6.py:extract_nakshatra_from_description - Raw nakshatra periods found in line: [('Poorvashadha', '10:38 AM', '')]
2025-07-03 12:50:13,840 - INFO - icalParser6.py:extract_nakshatra_from_description - Extracted nakshatra: poorvashadha, time: 10:38 AM, date: 
2025-07-03 12:50:13,840 - DEBUG - icalParser6.py:extract_and_create_events - Found 1 nakshatras in description for 03/09/2025
2025-07-03 12:50:13,840 - DEBUG - icalParser6.py:extract_and_create_events - Added nakshatra poorvashadha ending at 10:38 for 03/09/2025
2025-07-03 12:50:13,840 - INFO - icalParser6.py:extract_and_create_events - Added Dur Muhurtamulu event: 12:41 PM to 01:32 PM for 03/09/2025
2025-07-03 12:50:13,840 - INFO - icalParser6.py:extract_and_create_events - Added Varjyam event: 06:50 PM to 08:28 PM for 03/09/2025
2025-07-03 12:50:13,840 - DEBUG - icalParser6.py:extract_and_create_events - Processing events for date: 04/09/2025
2025-07-03 12:50:13,840 - DEBUG - icalParser6.py:extract_and_create_events - Initialized new date entry for 04/09/2025
2025-07-03 12:50:13,841 - INFO - icalParser6.py:extract_nakshatra_from_description - Raw nakshatra periods found in line: [('Uttharashadha', '11:14 AM', '')]
2025-07-03 12:50:13,841 - INFO - icalParser6.py:extract_nakshatra_from_description - Extracted nakshatra: uttharashadha, time: 11:14 AM, date: 
2025-07-03 12:50:13,841 - INFO - icalParser6.py:extract_nakshatra_from_description - Found special nakshatra: uttharashadha
2025-07-03 12:50:13,841 - DEBUG - icalParser6.py:extract_and_create_events - Found 1 nakshatras in description for 04/09/2025
2025-07-03 12:50:13,841 - DEBUG - icalParser6.py:extract_and_create_events - Added nakshatra uttharashadha ending at 11:14 for 04/09/2025
2025-07-03 12:50:13,841 - INFO - icalParser6.py:extract_and_create_events - Added Dur Muhurtamulu event: 10:58 AM to 11:49 AM for 04/09/2025
2025-07-03 12:50:13,841 - INFO - icalParser6.py:extract_and_create_events - Added Dur Muhurtamulu event: 04:06 PM to 04:57 PM for 04/09/2025
2025-07-03 12:50:13,841 - INFO - icalParser6.py:extract_and_create_events - Added Varjyam event: 03:13 PM to 04:48 PM for 04/09/2025
2025-07-03 12:50:13,841 - DEBUG - icalParser6.py:extract_and_create_events - Processing events for date: 05/09/2025
2025-07-03 12:50:13,841 - DEBUG - icalParser6.py:extract_and_create_events - Initialized new date entry for 05/09/2025
2025-07-03 12:50:13,841 - INFO - icalParser6.py:extract_nakshatra_from_description - Raw nakshatra periods found in line: [('Sravanamu', '11:08 AM', '')]
2025-07-03 12:50:13,841 - INFO - icalParser6.py:extract_nakshatra_from_description - Extracted nakshatra: sravanamu, time: 11:08 AM, date: 
2025-07-03 12:50:13,841 - DEBUG - icalParser6.py:extract_and_create_events - Found 1 nakshatras in description for 05/09/2025
2025-07-03 12:50:13,841 - DEBUG - icalParser6.py:extract_and_create_events - Added nakshatra sravanamu ending at 11:08 for 05/09/2025
2025-07-03 12:50:13,841 - INFO - icalParser6.py:extract_and_create_events - Added Dur Muhurtamulu event: 09:15 AM to 10:07 AM for 05/09/2025
2025-07-03 12:50:13,841 - INFO - icalParser6.py:extract_and_create_events - Added Dur Muhurtamulu event: 01:32 PM to 02:23 PM for 05/09/2025
2025-07-03 12:50:13,841 - INFO - icalParser6.py:extract_and_create_events - Added Varjyam event: 03:01 PM to 04:34 PM for 05/09/2025
2025-07-03 12:50:13,841 - DEBUG - icalParser6.py:extract_and_create_events - Processing events for date: 06/09/2025
2025-07-03 12:50:13,841 - DEBUG - icalParser6.py:extract_and_create_events - Initialized new date entry for 06/09/2025
2025-07-03 12:50:13,841 - INFO - icalParser6.py:extract_nakshatra_from_description - Raw nakshatra periods found in line: [('Dhanishta', '10:25 AM', '')]
2025-07-03 12:50:13,841 - INFO - icalParser6.py:extract_nakshatra_from_description - Extracted nakshatra: dhanishta, time: 10:25 AM, date: 
2025-07-03 12:50:13,841 - DEBUG - icalParser6.py:extract_and_create_events - Found 1 nakshatras in description for 06/09/2025
2025-07-03 12:50:13,842 - DEBUG - icalParser6.py:extract_and_create_events - Added nakshatra dhanishta ending at 10:25 for 06/09/2025
2025-07-03 12:50:13,842 - INFO - icalParser6.py:extract_and_create_events - Added Dur Muhurtamulu event: 06:43 AM to 07:34 AM for 06/09/2025
2025-07-03 12:50:13,842 - INFO - icalParser6.py:extract_and_create_events - Added Dur Muhurtamulu event: 07:34 AM to 08:25 AM for 06/09/2025
2025-07-03 12:50:13,842 - INFO - icalParser6.py:extract_and_create_events - Added Varjyam event: 05:15 PM to 06:46 PM for 06/09/2025
2025-07-03 12:50:13,842 - DEBUG - icalParser6.py:extract_and_create_events - Processing events for date: 07/09/2025
2025-07-03 12:50:13,842 - DEBUG - icalParser6.py:extract_and_create_events - Initialized new date entry for 07/09/2025
2025-07-03 12:50:13,842 - INFO - icalParser6.py:extract_nakshatra_from_description - Raw nakshatra periods found in line: [('Shathabhisha', '09:11 AM', '')]
2025-07-03 12:50:13,842 - INFO - icalParser6.py:extract_nakshatra_from_description - Extracted nakshatra: shathabhisha, time: 09:11 AM, date: 
2025-07-03 12:50:13,842 - DEBUG - icalParser6.py:extract_and_create_events - Found 1 nakshatras in description for 07/09/2025
2025-07-03 12:50:13,842 - DEBUG - icalParser6.py:extract_and_create_events - Added nakshatra shathabhisha ending at 09:11 for 07/09/2025
2025-07-03 12:50:13,842 - INFO - icalParser6.py:extract_and_create_events - Added Dur Muhurtamulu event: 05:45 PM to 06:36 PM for 07/09/2025
2025-07-03 12:50:13,842 - INFO - icalParser6.py:extract_and_create_events - Added Varjyam event: 03:09 PM to 04:38 PM for 07/09/2025
2025-07-03 12:50:13,842 - DEBUG - icalParser6.py:extract_and_create_events - Processing events for date: 08/09/2025
2025-07-03 12:50:13,842 - DEBUG - icalParser6.py:extract_and_create_events - Initialized new date entry for 08/09/2025
2025-07-03 12:50:13,842 - INFO - icalParser6.py:extract_nakshatra_from_description - Raw nakshatra periods found in line: [('Poorvabhadra', '07:32 AM', '')]
2025-07-03 12:50:13,842 - INFO - icalParser6.py:extract_nakshatra_from_description - Extracted nakshatra: poorvabhadra, time: 07:32 AM, date: 
2025-07-03 12:50:13,842 - INFO - icalParser6.py:extract_nakshatra_from_description - Found special nakshatra: poorvabhadra
2025-07-03 12:50:13,842 - INFO - icalParser6.py:extract_nakshatra_from_description - Raw nakshatra periods found in line: [('Uttharabhadra', '05:37 AM', 'Sep 09')]
2025-07-03 12:50:13,842 - INFO - icalParser6.py:extract_nakshatra_from_description - Extracted nakshatra: uttharabhadra, time: 05:37 AM, date: Sep 09
2025-07-03 12:50:13,842 - DEBUG - icalParser6.py:extract_and_create_events - Found 2 nakshatras in description for 08/09/2025
2025-07-03 12:50:13,843 - DEBUG - icalParser6.py:extract_and_create_events - Added nakshatra poorvabhadra ending at 07:32 for 08/09/2025
2025-07-03 12:50:13,843 - DEBUG - icalParser6.py:extract_and_create_events - Added nakshatra uttharabhadra ending at 05:37 for 08/09/2025
2025-07-03 12:50:13,843 - INFO - icalParser6.py:extract_and_create_events - Added Dur Muhurtamulu event: 01:30 PM to 02:21 PM for 08/09/2025
2025-07-03 12:50:13,843 - INFO - icalParser6.py:extract_and_create_events - Added Dur Muhurtamulu event: 04:02 PM to 04:53 PM for 08/09/2025
2025-07-03 12:50:13,843 - INFO - icalParser6.py:extract_and_create_events - Added Varjyam event: 04:22 PM to 05:50 PM for 08/09/2025
2025-07-03 12:50:13,843 - DEBUG - icalParser6.py:extract_and_create_events - Processing events for date: 09/09/2025
2025-07-03 12:50:13,843 - DEBUG - icalParser6.py:extract_and_create_events - Initialized new date entry for 09/09/2025
2025-07-03 12:50:13,843 - INFO - icalParser6.py:extract_nakshatra_from_description - Raw nakshatra periods found in line: [('Revathi', '03:33 AM', 'Sep 10')]
2025-07-03 12:50:13,843 - INFO - icalParser6.py:extract_nakshatra_from_description - Extracted nakshatra: revathi, time: 03:33 AM, date: Sep 10
2025-07-03 12:50:13,844 - DEBUG - icalParser6.py:extract_and_create_events - Found 1 nakshatras in description for 09/09/2025
2025-07-03 12:50:13,844 - DEBUG - icalParser6.py:extract_and_create_events - Added nakshatra revathi ending at 03:33 for 09/09/2025
2025-07-03 12:50:13,844 - INFO - icalParser6.py:extract_and_create_events - Added Dur Muhurtamulu event: 09:17 AM to 10:07 AM for 09/09/2025
2025-07-03 12:50:13,844 - INFO - icalParser6.py:extract_and_create_events - Added Dur Muhurtamulu event: 11:57 PM to 12:42 AM for 09/09/2025
2025-07-03 12:50:13,844 - INFO - icalParser6.py:extract_and_create_events - Added Varjyam event: 04:35 PM to 06:03 PM for 09/09/2025
2025-07-03 12:50:13,844 - DEBUG - icalParser6.py:extract_and_create_events - Processing events for date: 10/09/2025
2025-07-03 12:50:13,844 - DEBUG - icalParser6.py:extract_and_create_events - Initialized new date entry for 10/09/2025
2025-07-03 12:50:13,844 - INFO - icalParser6.py:extract_nakshatra_from_description - Raw nakshatra periods found in line: [('Aswini', '01:28 AM', 'Sep 11')]
2025-07-03 12:50:13,844 - INFO - icalParser6.py:extract_nakshatra_from_description - Extracted nakshatra: aswini, time: 01:28 AM, date: Sep 11
2025-07-03 12:50:13,844 - INFO - icalParser6.py:extract_nakshatra_from_description - Found special nakshatra: aswini
2025-07-03 12:50:13,844 - DEBUG - icalParser6.py:extract_and_create_events - Found 1 nakshatras in description for 10/09/2025
2025-07-03 12:50:13,844 - DEBUG - icalParser6.py:extract_and_create_events - Added nakshatra aswini ending at 01:28 for 10/09/2025
2025-07-03 12:50:13,844 - INFO - icalParser6.py:extract_and_create_events - Added Dur Muhurtamulu event: 12:39 PM to 01:29 PM for 10/09/2025
2025-07-03 12:50:13,845 - INFO - icalParser6.py:extract_and_create_events - Added Varjyam event: 09:48 PM to 11:16 PM for 10/09/2025
2025-07-03 12:50:13,845 - DEBUG - icalParser6.py:extract_and_create_events - Processing events for date: 11/09/2025
2025-07-03 12:50:13,845 - DEBUG - icalParser6.py:extract_and_create_events - Initialized new date entry for 11/09/2025
2025-07-03 12:50:13,845 - INFO - icalParser6.py:extract_nakshatra_from_description - Raw nakshatra periods found in line: [('Bharani', '11:28 PM', '')]
2025-07-03 12:50:13,845 - INFO - icalParser6.py:extract_nakshatra_from_description - Extracted nakshatra: bharani, time: 11:28 PM, date: 
2025-07-03 12:50:13,845 - INFO - icalParser6.py:extract_nakshatra_from_description - Found special nakshatra: bharani
2025-07-03 12:50:13,845 - DEBUG - icalParser6.py:extract_and_create_events - Found 1 nakshatras in description for 11/09/2025
2025-07-03 12:50:13,845 - DEBUG - icalParser6.py:extract_and_create_events - Added nakshatra bharani ending at 23:28 for 11/09/2025
2025-07-03 12:50:13,845 - INFO - icalParser6.py:extract_and_create_events - Added Dur Muhurtamulu event: 10:58 AM to 11:48 AM for 11/09/2025
2025-07-03 12:50:13,845 - INFO - icalParser6.py:extract_and_create_events - Added Dur Muhurtamulu event: 04:00 PM to 04:50 PM for 11/09/2025
2025-07-03 12:50:13,845 - INFO - icalParser6.py:extract_and_create_events - Added Varjyam event: 10:16 AM to 11:44 AM for 11/09/2025
2025-07-03 12:50:13,845 - DEBUG - icalParser6.py:extract_and_create_events - Processing events for date: 12/09/2025
2025-07-03 12:50:13,845 - DEBUG - icalParser6.py:extract_and_create_events - Initialized new date entry for 12/09/2025
2025-07-03 12:50:13,845 - INFO - icalParser6.py:extract_nakshatra_from_description - Raw nakshatra periods found in line: [('Kriththika', '09:41 PM', '')]
2025-07-03 12:50:13,846 - INFO - icalParser6.py:extract_nakshatra_from_description - Extracted nakshatra: kriththika, time: 09:41 PM, date: 
2025-07-03 12:50:13,846 - INFO - icalParser6.py:extract_nakshatra_from_description - Found special nakshatra: kriththika
2025-07-03 12:50:13,846 - DEBUG - icalParser6.py:extract_and_create_events - Found 1 nakshatras in description for 12/09/2025
2025-07-03 12:50:13,846 - DEBUG - icalParser6.py:extract_and_create_events - Added nakshatra kriththika ending at 21:41 for 12/09/2025
2025-07-03 12:50:13,846 - INFO - icalParser6.py:extract_and_create_events - Added Dur Muhurtamulu event: 09:18 AM to 10:08 AM for 12/09/2025
2025-07-03 12:50:13,846 - INFO - icalParser6.py:extract_and_create_events - Added Dur Muhurtamulu event: 01:29 PM to 02:19 PM for 12/09/2025
2025-07-03 12:50:13,846 - INFO - icalParser6.py:extract_and_create_events - Added Varjyam event: 10:35 AM to 12:04 PM for 12/09/2025
2025-07-03 12:50:13,846 - DEBUG - icalParser6.py:extract_and_create_events - Processing events for date: 13/09/2025
2025-07-03 12:50:13,846 - DEBUG - icalParser6.py:extract_and_create_events - Initialized new date entry for 13/09/2025
2025-07-03 12:50:13,846 - INFO - icalParser6.py:extract_nakshatra_from_description - Raw nakshatra periods found in line: [('Rohini', '08:11 PM', '')]
2025-07-03 12:50:13,846 - INFO - icalParser6.py:extract_nakshatra_from_description - Extracted nakshatra: rohini, time: 08:11 PM, date: 
2025-07-03 12:50:13,846 - DEBUG - icalParser6.py:extract_and_create_events - Found 1 nakshatras in description for 13/09/2025
2025-07-03 12:50:13,846 - DEBUG - icalParser6.py:extract_and_create_events - Added nakshatra rohini ending at 20:11 for 13/09/2025
2025-07-03 12:50:13,846 - INFO - icalParser6.py:extract_and_create_events - Added Dur Muhurtamulu event: 06:48 AM to 07:38 AM for 13/09/2025
2025-07-03 12:50:13,846 - INFO - icalParser6.py:extract_and_create_events - Added Dur Muhurtamulu event: 07:38 AM to 08:28 AM for 13/09/2025
2025-07-03 12:50:13,846 - INFO - icalParser6.py:extract_and_create_events - Added Varjyam event: 12:41 PM to 02:11 PM for 13/09/2025
2025-07-03 12:50:13,846 - INFO - icalParser6.py:extract_and_create_events - Added Varjyam event: 01:31 AM to 03:02 AM for 13/09/2025
2025-07-03 12:50:13,847 - DEBUG - icalParser6.py:extract_and_create_events - Processing events for date: 14/09/2025
2025-07-03 12:50:13,847 - DEBUG - icalParser6.py:extract_and_create_events - Initialized new date entry for 14/09/2025
2025-07-03 12:50:13,847 - INFO - icalParser6.py:extract_nakshatra_from_description - Raw nakshatra periods found in line: [('Mrigasira', '07:01 PM', '')]
2025-07-03 12:50:13,847 - INFO - icalParser6.py:extract_nakshatra_from_description - Extracted nakshatra: mrigasira, time: 07:01 PM, date: 
2025-07-03 12:50:13,847 - INFO - icalParser6.py:extract_nakshatra_from_description - Found special nakshatra: mrigasira
2025-07-03 12:50:13,847 - DEBUG - icalParser6.py:extract_and_create_events - Found 1 nakshatras in description for 14/09/2025
2025-07-03 12:50:13,847 - DEBUG - icalParser6.py:extract_and_create_events - Added nakshatra mrigasira ending at 19:01 for 14/09/2025
2025-07-03 12:50:13,847 - INFO - icalParser6.py:extract_and_create_events - Added Dur Muhurtamulu event: 05:37 PM to 06:26 PM for 14/09/2025
2025-07-03 12:50:13,847 - INFO - icalParser6.py:extract_and_create_events - Added Varjyam event: 03:09 AM to 04:42 AM for 14/09/2025
2025-07-03 12:50:13,847 - DEBUG - icalParser6.py:extract_and_create_events - Processing events for date: 15/09/2025
2025-07-03 12:50:13,847 - DEBUG - icalParser6.py:extract_and_create_events - Initialized new date entry for 15/09/2025
2025-07-03 12:50:13,847 - INFO - icalParser6.py:extract_nakshatra_from_description - Raw nakshatra periods found in line: [('Arudra', '06:16 PM', '')]
2025-07-03 12:50:13,847 - INFO - icalParser6.py:extract_nakshatra_from_description - Extracted nakshatra: arudra, time: 06:16 PM, date: 
2025-07-03 12:50:13,847 - DEBUG - icalParser6.py:extract_and_create_events - Found 1 nakshatras in description for 15/09/2025
2025-07-03 12:50:13,847 - DEBUG - icalParser6.py:extract_and_create_events - Added nakshatra arudra ending at 18:16 for 15/09/2025
2025-07-03 12:50:13,847 - INFO - icalParser6.py:extract_and_create_events - Added Dur Muhurtamulu event: 01:27 PM to 02:17 PM for 15/09/2025
2025-07-03 12:50:13,847 - INFO - icalParser6.py:extract_and_create_events - Added Dur Muhurtamulu event: 03:56 PM to 04:46 PM for 15/09/2025
2025-07-03 12:50:13,847 - INFO - icalParser6.py:extract_and_create_events - Added Varjyam event: 06:06 AM to 07:40 AM for 15/09/2025
2025-07-03 12:50:13,847 - DEBUG - icalParser6.py:extract_and_create_events - Processing events for date: 16/09/2025
2025-07-03 12:50:13,847 - DEBUG - icalParser6.py:extract_and_create_events - Initialized new date entry for 16/09/2025
2025-07-03 12:50:13,847 - INFO - icalParser6.py:extract_nakshatra_from_description - Raw nakshatra periods found in line: [('Punarvasu', '05:56 PM', '')]
2025-07-03 12:50:13,847 - INFO - icalParser6.py:extract_nakshatra_from_description - Extracted nakshatra: punarvasu, time: 05:56 PM, date: 
2025-07-03 12:50:13,847 - INFO - icalParser6.py:extract_nakshatra_from_description - Found special nakshatra: punarvasu
2025-07-03 12:50:13,847 - DEBUG - icalParser6.py:extract_and_create_events - Found 1 nakshatras in description for 16/09/2025
2025-07-03 12:50:13,847 - DEBUG - icalParser6.py:extract_and_create_events - Added nakshatra punarvasu ending at 17:56 for 16/09/2025
2025-07-03 12:50:13,848 - INFO - icalParser6.py:extract_and_create_events - Added Dur Muhurtamulu event: 09:19 AM to 10:09 AM for 16/09/2025
2025-07-03 12:50:13,848 - INFO - icalParser6.py:extract_and_create_events - Added Dur Muhurtamulu event: 11:53 PM to 12:39 AM for 16/09/2025
2025-07-03 12:50:13,848 - INFO - icalParser6.py:extract_and_create_events - Added Varjyam event: 01:58 AM to 03:34 AM for 16/09/2025
2025-07-03 12:50:13,848 - DEBUG - icalParser6.py:extract_and_create_events - Processing events for date: 17/09/2025
2025-07-03 12:50:13,848 - DEBUG - icalParser6.py:extract_and_create_events - Initialized new date entry for 17/09/2025
2025-07-03 12:50:13,848 - INFO - icalParser6.py:extract_nakshatra_from_description - Raw nakshatra periods found in line: [('Pushyami', '06:02 PM', '')]
2025-07-03 12:50:13,848 - INFO - icalParser6.py:extract_nakshatra_from_description - Extracted nakshatra: pushyami, time: 06:02 PM, date: 
2025-07-03 12:50:13,848 - DEBUG - icalParser6.py:extract_and_create_events - Found 1 nakshatras in description for 17/09/2025
2025-07-03 12:50:13,848 - DEBUG - icalParser6.py:extract_and_create_events - Added nakshatra pushyami ending at 18:02 for 17/09/2025
2025-07-03 12:50:13,848 - INFO - icalParser6.py:extract_and_create_events - Added Dur Muhurtamulu event: 12:37 PM to 01:26 PM for 17/09/2025
2025-07-03 12:50:13,848 - DEBUG - icalParser6.py:extract_and_create_events - Processing events for date: 18/09/2025
2025-07-03 12:50:13,848 - DEBUG - icalParser6.py:extract_and_create_events - Initialized new date entry for 18/09/2025
2025-07-03 12:50:13,848 - INFO - icalParser6.py:extract_nakshatra_from_description - Raw nakshatra periods found in line: [('Ashlesha', '06:35 PM', '')]
2025-07-03 12:50:13,848 - INFO - icalParser6.py:extract_nakshatra_from_description - Extracted nakshatra: ashlesha, time: 06:35 PM, date: 
2025-07-03 12:50:13,848 - INFO - icalParser6.py:extract_nakshatra_from_description - Found special nakshatra: ashlesha
2025-07-03 12:50:13,848 - DEBUG - icalParser6.py:extract_and_create_events - Found 1 nakshatras in description for 18/09/2025
2025-07-03 12:50:13,848 - DEBUG - icalParser6.py:extract_and_create_events - Added nakshatra ashlesha ending at 18:35 for 18/09/2025
2025-07-03 12:50:13,848 - INFO - icalParser6.py:extract_and_create_events - Added Dur Muhurtamulu event: 10:58 AM to 11:48 AM for 18/09/2025
2025-07-03 12:50:13,848 - INFO - icalParser6.py:extract_and_create_events - Added Dur Muhurtamulu event: 03:53 PM to 04:43 PM for 18/09/2025
2025-07-03 12:50:13,849 - INFO - icalParser6.py:extract_and_create_events - Added Varjyam event: 07:08 AM to 08:46 AM for 18/09/2025
2025-07-03 12:50:13,849 - DEBUG - icalParser6.py:extract_and_create_events - Processing events for date: 19/09/2025
2025-07-03 12:50:13,849 - DEBUG - icalParser6.py:extract_and_create_events - Initialized new date entry for 19/09/2025
2025-07-03 12:50:13,849 - INFO - icalParser6.py:extract_nakshatra_from_description - Raw nakshatra periods found in line: [('Makha', '07:35 PM', '')]
2025-07-03 12:50:13,849 - INFO - icalParser6.py:extract_nakshatra_from_description - Extracted nakshatra: makha, time: 07:35 PM, date: 
2025-07-03 12:50:13,849 - INFO - icalParser6.py:extract_nakshatra_from_description - Found special nakshatra: makha
2025-07-03 12:50:13,849 - DEBUG - icalParser6.py:extract_and_create_events - Found 1 nakshatras in description for 19/09/2025
2025-07-03 12:50:13,849 - DEBUG - icalParser6.py:extract_and_create_events - Added nakshatra makha ending at 19:35 for 19/09/2025
2025-07-03 12:50:13,849 - INFO - icalParser6.py:extract_and_create_events - Added Dur Muhurtamulu event: 09:20 AM to 10:09 AM for 19/09/2025
2025-07-03 12:50:13,849 - INFO - icalParser6.py:extract_and_create_events - Added Dur Muhurtamulu event: 01:25 PM to 02:15 PM for 19/09/2025
2025-07-03 12:50:13,849 - INFO - icalParser6.py:extract_and_create_events - Added Varjyam event: 07:05 AM to 08:45 AM for 19/09/2025
2025-07-03 12:50:13,849 - INFO - icalParser6.py:extract_and_create_events - Added Varjyam event: 04:04 AM to 05:46 AM for 19/09/2025
2025-07-03 12:50:13,849 - DEBUG - icalParser6.py:extract_and_create_events - Processing events for date: 20/09/2025
2025-07-03 12:50:13,849 - DEBUG - icalParser6.py:extract_and_create_events - Initialized new date entry for 20/09/2025
2025-07-03 12:50:13,850 - INFO - icalParser6.py:extract_nakshatra_from_description - Raw nakshatra periods found in line: [('Pubba', '09:02 PM', '')]
2025-07-03 12:50:13,850 - INFO - icalParser6.py:extract_nakshatra_from_description - Extracted nakshatra: pubba, time: 09:02 PM, date: 
2025-07-03 12:50:13,850 - INFO - icalParser6.py:extract_nakshatra_from_description - Found special nakshatra: pubba
2025-07-03 12:50:13,850 - DEBUG - icalParser6.py:extract_and_create_events - Found 1 nakshatras in description for 20/09/2025
2025-07-03 12:50:13,850 - DEBUG - icalParser6.py:extract_and_create_events - Added nakshatra pubba ending at 21:02 for 20/09/2025
2025-07-03 12:50:13,850 - INFO - icalParser6.py:extract_and_create_events - Added Dur Muhurtamulu event: 06:54 AM to 07:43 AM for 20/09/2025
2025-07-03 12:50:13,850 - INFO - icalParser6.py:extract_and_create_events - Added Dur Muhurtamulu event: 07:43 AM to 08:32 AM for 20/09/2025
2025-07-03 12:50:13,850 - INFO - icalParser6.py:extract_and_create_events - Added Varjyam event: 04:47 AM to 06:31 AM for 20/09/2025
2025-07-03 12:50:13,850 - DEBUG - icalParser6.py:extract_and_create_events - Processing events for date: 21/09/2025
2025-07-03 12:50:13,850 - DEBUG - icalParser6.py:extract_and_create_events - Initialized new date entry for 21/09/2025
2025-07-03 12:50:13,850 - INFO - icalParser6.py:extract_nakshatra_from_description - Raw nakshatra periods found in line: [('Uththara', '10:54 PM', '')]
2025-07-03 12:50:13,850 - INFO - icalParser6.py:extract_nakshatra_from_description - Extracted nakshatra: uththara, time: 10:54 PM, date: 
2025-07-03 12:50:13,850 - INFO - icalParser6.py:extract_nakshatra_from_description - Found special nakshatra: uththara
2025-07-03 12:50:13,850 - DEBUG - icalParser6.py:extract_and_create_events - Found 1 nakshatras in description for 21/09/2025
2025-07-03 12:50:13,850 - DEBUG - icalParser6.py:extract_and_create_events - Added nakshatra uththara ending at 22:54 for 21/09/2025
2025-07-03 12:50:13,850 - INFO - icalParser6.py:extract_and_create_events - Added Dur Muhurtamulu event: 05:28 PM to 06:17 PM for 21/09/2025
2025-07-03 12:50:13,851 - DEBUG - icalParser6.py:extract_and_create_events - Processing events for date: 22/09/2025
2025-07-03 12:50:13,851 - DEBUG - icalParser6.py:extract_and_create_events - Initialized new date entry for 22/09/2025
2025-07-03 12:50:13,851 - INFO - icalParser6.py:extract_nakshatra_from_description - Raw nakshatra periods found in line: [('Hastha', '01:10 AM', 'Sep 23')]
2025-07-03 12:50:13,851 - INFO - icalParser6.py:extract_nakshatra_from_description - Extracted nakshatra: hastha, time: 01:10 AM, date: Sep 23
2025-07-03 12:50:13,851 - DEBUG - icalParser6.py:extract_and_create_events - Found 1 nakshatras in description for 22/09/2025
2025-07-03 12:50:13,851 - DEBUG - icalParser6.py:extract_and_create_events - Added nakshatra hastha ending at 01:10 for 22/09/2025
2025-07-03 12:50:13,851 - INFO - icalParser6.py:extract_and_create_events - Added Dur Muhurtamulu event: 01:24 PM to 02:13 PM for 22/09/2025
2025-07-03 12:50:13,851 - INFO - icalParser6.py:extract_and_create_events - Added Dur Muhurtamulu event: 03:50 PM to 04:38 PM for 22/09/2025
2025-07-03 12:50:13,851 - INFO - icalParser6.py:extract_and_create_events - Added Varjyam event: 08:05 AM to 09:51 AM for 22/09/2025
2025-07-03 12:50:13,851 - DEBUG - icalParser6.py:extract_and_create_events - Processing events for date: 23/09/2025
2025-07-03 12:50:13,851 - DEBUG - icalParser6.py:extract_and_create_events - Initialized new date entry for 23/09/2025
2025-07-03 12:50:13,851 - INFO - icalParser6.py:extract_nakshatra_from_description - Raw nakshatra periods found in line: [('Chiththa', '03:46 AM', 'Sep 24')]
2025-07-03 12:50:13,851 - INFO - icalParser6.py:extract_nakshatra_from_description - Extracted nakshatra: chiththa, time: 03:46 AM, date: Sep 24
2025-07-03 12:50:13,851 - DEBUG - icalParser6.py:extract_and_create_events - Found 1 nakshatras in description for 23/09/2025
2025-07-03 12:50:13,851 - DEBUG - icalParser6.py:extract_and_create_events - Added nakshatra chiththa ending at 03:46 for 23/09/2025
2025-07-03 12:50:13,851 - INFO - icalParser6.py:extract_and_create_events - Added Dur Muhurtamulu event: 09:22 AM to 10:10 AM for 23/09/2025
2025-07-03 12:50:13,851 - INFO - icalParser6.py:extract_and_create_events - Added Dur Muhurtamulu event: 11:48 PM to 12:36 AM for 23/09/2025
2025-07-03 12:50:13,851 - INFO - icalParser6.py:extract_and_create_events - Added Varjyam event: 10:02 AM to 11:49 AM for 23/09/2025
2025-07-03 12:50:13,851 - DEBUG - icalParser6.py:extract_and_create_events - Processing events for date: 24/09/2025
2025-07-03 12:50:13,851 - DEBUG - icalParser6.py:extract_and_create_events - Initialized new date entry for 24/09/2025
2025-07-03 12:50:13,851 - INFO - icalParser6.py:extract_nakshatra_from_description - Raw nakshatra periods found in line: [('Swathi', '06:39 AM', 'Sep 25')]
2025-07-03 12:50:13,851 - INFO - icalParser6.py:extract_nakshatra_from_description - Extracted nakshatra: swathi, time: 06:39 AM, date: Sep 25
2025-07-03 12:50:13,851 - DEBUG - icalParser6.py:extract_and_create_events - Found 1 nakshatras in description for 24/09/2025
2025-07-03 12:50:13,851 - DEBUG - icalParser6.py:extract_and_create_events - Added nakshatra swathi ending at 06:39 for 24/09/2025
2025-07-03 12:50:13,851 - INFO - icalParser6.py:extract_and_create_events - Added Dur Muhurtamulu event: 12:35 PM to 01:23 PM for 24/09/2025
2025-07-03 12:50:13,851 - INFO - icalParser6.py:extract_and_create_events - Added Varjyam event: 10:03 AM to 11:50 AM for 24/09/2025
2025-07-03 12:50:13,852 - DEBUG - icalParser6.py:extract_and_create_events - Processing events for date: 25/09/2025
2025-07-03 12:50:13,852 - DEBUG - icalParser6.py:extract_and_create_events - Initialized new date entry for 25/09/2025
2025-07-03 12:50:13,852 - INFO - icalParser6.py:extract_nakshatra_from_description - Raw nakshatra periods found in line: []
2025-07-03 12:50:13,852 - DEBUG - icalParser6.py:extract_and_create_events - Found 0 nakshatras in description for 25/09/2025
2025-07-03 12:50:13,852 - INFO - icalParser6.py:extract_and_create_events - Added Dur Muhurtamulu event: 10:59 AM to 11:47 AM for 25/09/2025
2025-07-03 12:50:13,852 - INFO - icalParser6.py:extract_and_create_events - Added Dur Muhurtamulu event: 03:47 PM to 04:35 PM for 25/09/2025
2025-07-03 12:50:13,852 - INFO - icalParser6.py:extract_and_create_events - Added Varjyam event: 12:57 PM to 02:45 PM for 25/09/2025
2025-07-03 12:50:13,852 - DEBUG - icalParser6.py:extract_and_create_events - Processing events for date: 26/09/2025
2025-07-03 12:50:13,852 - DEBUG - icalParser6.py:extract_and_create_events - Initialized new date entry for 26/09/2025
2025-07-03 12:50:13,852 - INFO - icalParser6.py:extract_nakshatra_from_description - Raw nakshatra periods found in line: [('Visakha', '09:39 AM', '')]
2025-07-03 12:50:13,852 - INFO - icalParser6.py:extract_nakshatra_from_description - Extracted nakshatra: visakha, time: 09:39 AM, date: 
2025-07-03 12:50:13,852 - INFO - icalParser6.py:extract_nakshatra_from_description - Found special nakshatra: visakha
2025-07-03 12:50:13,852 - DEBUG - icalParser6.py:extract_and_create_events - Found 1 nakshatras in description for 26/09/2025
2025-07-03 12:50:13,852 - DEBUG - icalParser6.py:extract_and_create_events - Added nakshatra visakha ending at 09:39 for 26/09/2025
2025-07-03 12:50:13,852 - INFO - icalParser6.py:extract_and_create_events - Added Dur Muhurtamulu event: 09:23 AM to 10:11 AM for 26/09/2025
2025-07-03 12:50:13,852 - INFO - icalParser6.py:extract_and_create_events - Added Dur Muhurtamulu event: 01:22 PM to 02:10 PM for 26/09/2025
2025-07-03 12:50:13,852 - INFO - icalParser6.py:extract_and_create_events - Added Varjyam event: 02:09 PM to 03:57 PM for 26/09/2025
2025-07-03 12:50:13,852 - DEBUG - icalParser6.py:extract_and_create_events - Processing events for date: 27/09/2025
2025-07-03 12:50:13,852 - DEBUG - icalParser6.py:extract_and_create_events - Initialized new date entry for 27/09/2025
2025-07-03 12:50:13,852 - INFO - icalParser6.py:extract_nakshatra_from_description - Raw nakshatra periods found in line: [('Anuradha', '12:38 PM', '')]
2025-07-03 12:50:13,852 - INFO - icalParser6.py:extract_nakshatra_from_description - Extracted nakshatra: anuradha, time: 12:38 PM, date: 
2025-07-03 12:50:13,852 - DEBUG - icalParser6.py:extract_and_create_events - Found 1 nakshatras in description for 27/09/2025
2025-07-03 12:50:13,852 - DEBUG - icalParser6.py:extract_and_create_events - Added nakshatra anuradha ending at 12:38 for 27/09/2025
2025-07-03 12:50:13,852 - INFO - icalParser6.py:extract_and_create_events - Added Dur Muhurtamulu event: 07:00 AM to 07:48 AM for 27/09/2025
2025-07-03 12:50:13,852 - INFO - icalParser6.py:extract_and_create_events - Added Dur Muhurtamulu event: 07:48 AM to 08:36 AM for 27/09/2025
2025-07-03 12:50:13,852 - INFO - icalParser6.py:extract_and_create_events - Added Varjyam event: 06:53 PM to 08:40 PM for 27/09/2025
2025-07-03 12:50:13,852 - DEBUG - icalParser6.py:extract_and_create_events - Processing events for date: 28/09/2025
2025-07-03 12:50:13,852 - DEBUG - icalParser6.py:extract_and_create_events - Initialized new date entry for 28/09/2025
2025-07-03 12:50:13,852 - INFO - icalParser6.py:extract_nakshatra_from_description - Raw nakshatra periods found in line: [('Jyestha', '03:25 PM', '')]
2025-07-03 12:50:13,853 - INFO - icalParser6.py:extract_nakshatra_from_description - Extracted nakshatra: jyestha, time: 03:25 PM, date: 
2025-07-03 12:50:13,853 - DEBUG - icalParser6.py:extract_and_create_events - Found 1 nakshatras in description for 28/09/2025
2025-07-03 12:50:13,853 - DEBUG - icalParser6.py:extract_and_create_events - Added nakshatra jyestha ending at 15:25 for 28/09/2025
2025-07-03 12:50:13,853 - INFO - icalParser6.py:extract_and_create_events - Added Dur Muhurtamulu event: 05:20 PM to 06:07 PM for 28/09/2025
2025-07-03 12:50:13,853 - INFO - icalParser6.py:extract_and_create_events - Added Varjyam event: 12:12 AM to 01:58 AM for 28/09/2025
2025-07-03 12:50:13,853 - DEBUG - icalParser6.py:extract_and_create_events - Processing events for date: 29/09/2025
2025-07-03 12:50:13,853 - DEBUG - icalParser6.py:extract_and_create_events - Initialized new date entry for 29/09/2025
2025-07-03 12:50:13,853 - INFO - icalParser6.py:extract_nakshatra_from_description - Raw nakshatra periods found in line: [('Moola', '05:47 PM', '')]
2025-07-03 12:50:13,853 - INFO - icalParser6.py:extract_nakshatra_from_description - Extracted nakshatra: moola, time: 05:47 PM, date: 
2025-07-03 12:50:13,853 - INFO - icalParser6.py:extract_nakshatra_from_description - Found special nakshatra: moola
2025-07-03 12:50:13,853 - DEBUG - icalParser6.py:extract_and_create_events - Found 1 nakshatras in description for 29/09/2025
2025-07-03 12:50:13,853 - DEBUG - icalParser6.py:extract_and_create_events - Added nakshatra moola ending at 17:47 for 29/09/2025
2025-07-03 12:50:13,853 - INFO - icalParser6.py:extract_and_create_events - Added Dur Muhurtamulu event: 01:21 PM to 02:09 PM for 29/09/2025
2025-07-03 12:50:13,853 - INFO - icalParser6.py:extract_and_create_events - Added Dur Muhurtamulu event: 03:44 PM to 04:31 PM for 29/09/2025
2025-07-03 12:50:13,853 - INFO - icalParser6.py:extract_and_create_events - Added Varjyam event: 04:02 PM to 05:47 PM for 29/09/2025
2025-07-03 12:50:13,853 - INFO - icalParser6.py:extract_and_create_events - Added Varjyam event: 04:07 AM to 05:50 AM for 29/09/2025
2025-07-03 12:50:13,853 - DEBUG - icalParser6.py:extract_and_create_events - Processing events for date: 30/09/2025
2025-07-03 12:50:13,853 - DEBUG - icalParser6.py:extract_and_create_events - Initialized new date entry for 30/09/2025
2025-07-03 12:50:13,853 - INFO - icalParser6.py:extract_nakshatra_from_description - Raw nakshatra periods found in line: [('Poorvashadha', '07:36 PM', '')]
2025-07-03 12:50:13,853 - INFO - icalParser6.py:extract_nakshatra_from_description - Extracted nakshatra: poorvashadha, time: 07:36 PM, date: 
2025-07-03 12:50:13,853 - DEBUG - icalParser6.py:extract_and_create_events - Found 1 nakshatras in description for 30/09/2025
2025-07-03 12:50:13,853 - DEBUG - icalParser6.py:extract_and_create_events - Added nakshatra poorvashadha ending at 19:36 for 30/09/2025
2025-07-03 12:50:13,853 - INFO - icalParser6.py:extract_and_create_events - Added Dur Muhurtamulu event: 09:24 AM to 10:12 AM for 30/09/2025
2025-07-03 12:50:13,853 - INFO - icalParser6.py:extract_and_create_events - Added Dur Muhurtamulu event: 11:44 PM to 12:33 AM for 30/09/2025
2025-07-03 12:50:13,853 - INFO - icalParser6.py:extract_and_create_events - Added Varjyam event: 03:58 AM to 05:39 AM for 30/09/2025
2025-07-03 12:50:13,854 - INFO - icalParser6.py:extract_and_create_events - Created 978 special nakshatra transition combinations
2025-07-03 12:50:13,854 - DEBUG - hora_calc.py:__init__ - Initialized VedicAstroClient with API key: 82c9fc43...
2025-07-03 12:50:13,854 - DEBUG - hora_calc.py:calculate_hora_for_date - Calculating hora for date: 2025-05-02 00:00:00, location: (37.33939, -121.89496)
2025-07-03 12:50:13,854 - DEBUG - hora_calc.py:calculate_hora_for_date - Using default Pacific timezone offset (-7)
2025-07-03 12:50:13,854 - DEBUG - hora_calc.py:get_hora_muhurta - Requesting hora muhurta for date=02/05/2025, lat=37.33939, lon=-121.89496, tz=-7
2025-07-03 12:50:13,885 - DEBUG - hora_calc.py:get_hora_muhurta - Making API request to endpoint: /v3-json/panchang/hora-muhurta
2025-07-03 12:50:14,528 - DEBUG - hora_calc.py:get_hora_muhurta - Received API response with status: 200
2025-07-03 12:50:14,530 - DEBUG - hora_calc.py:get_hora_muhurta - API returned error: Unknown error
2025-07-03 12:50:14,534 - DEBUG - hora_calc.py:calculate_hora_for_date - API call failed with status: 402
2025-07-03 12:50:14,534 - WARNING - icalParser6.py:extract_and_create_events - Hora API patch call failed or returned no data for +1 day.
2025-07-03 12:50:14,535 - INFO - icalParser6.py:filter_events_to_window - Filtering calendar with 1 components
2025-07-03 12:50:14,535 - INFO - icalParser6.py:filter_events_to_window - Window: 2025-03-31 to 2025-05-01
2025-07-03 12:50:14,536 - INFO - icalParser6.py:filter_events_to_window - Filtered calendar has 1 components
2025-07-03 12:50:14,536 - INFO - icalParser6.py:filter_events_to_window - Filtering calendar with 1 components
2025-07-03 12:50:14,536 - INFO - icalParser6.py:filter_events_to_window - Window: 2025-03-31 to 2025-05-01
2025-07-03 12:50:14,537 - INFO - icalParser6.py:filter_events_to_window - Filtered calendar has 1 components
